-------------------------------------------------------------------------------
Test set: com.healthtrack.UsuarioSeleniumTest
-------------------------------------------------------------------------------
Tests run: 1, Failures: 1, Errors: 0, Skipped: 0, Time elapsed: 1.743 s <<< FAILURE! - in com.healthtrack.UsuarioSeleniumTest
testActualizarPeso  Time elapsed: 1.733 s  <<< FAILURE!
org.opentest4j.AssertionFailedError: El peso no se actualizÃ³ correctamente, se esperaba 75.0 ==> expected: <true> but was: <false>
	at com.healthtrack.UsuarioSeleniumTest.testActualizarPeso(UsuarioSeleniumTest.java:36)

